<?xml version="1.0" encoding="UTF-8"?>
<!-- Generated by org.testng.reporters.JUnitReportReporter -->
<testsuite hostname="LAPTOP-GCJJMKKO" failures="0" tests="1" name="Bata.LogintoAcc" time="3.712" errors="0" timestamp="2022-09-30T15:51:38 IST" skipped="0">
  <testcase classname="Bata.LogintoAcc" name="viewMensSection" time="3.712"/>
  <system-out/>
</testsuite> <!-- Bata.LogintoAcc -->
