<?xml version="1.0" encoding="UTF-8"?>
<!-- Generated by org.testng.reporters.JUnitReportReporter -->
<testsuite hostname="LAPTOP-GCJJMKKO" failures="0" tests="1" name="Bata.Firefox" time="13.622" errors="0" timestamp="2022-09-27T16:23:47 IST" skipped="0">
  <testcase classname="Bata.Firefox" name="buyHandBags" time="13.622"/>
  <system-out/>
</testsuite> <!-- Bata.Firefox -->
