<?xml version="1.0" encoding="UTF-8"?>
<!-- Generated by org.testng.reporters.JUnitReportReporter -->
<testsuite hostname="LAPTOP-GCJJMKKO" failures="0" tests="2" name="Bata.DemoTestNG" time="0.013" errors="0" timestamp="2022-09-20T13:44:01 IST" skipped="0">
  <testcase classname="Bata.DemoTestNG" name="test" time="0.012"/>
  <system-out/>
  <testcase classname="Bata.DemoTestNG" name="test1" time="0.001"/>
  <system-out/>
</testsuite> <!-- Bata.DemoTestNG -->
